2018-06-21 01:20:24.816  INFO 9908 --- [main] c.p.a.controller.ProcesadorPalabras      : La palabra: 1010baaa NO esta aceptada por el automata: 0
2018-06-21 01:20:24.831  INFO 9908 --- [main] c.p.a.controller.ProcesadorPalabras      : La palabra: 1010bbaaaa esta aceptada por el automata: 0
2018-06-21 01:20:24.831  INFO 9908 --- [main] c.p.a.controller.ProcesadorPalabras      : La palabra: 1010baaaba esta aceptada por el automata: 0
2018-06-21 01:20:24.831  INFO 9908 --- [main] c.p.a.controller.ProcesadorPalabras      : La palabra: 1010baaaab esta aceptada por el automata: 0
2018-06-21 01:20:24.831  INFO 9908 --- [main] c.p.a.controller.ProcesadorPalabras      : La palabra: 1010baaaabb NO esta aceptada por el automata: 0
2018-06-21 01:20:24.831  INFO 9908 --- [main] c.p.a.controller.ProcesadorPalabras      : La palabra: 10a10baaaabb NO esta aceptada por el automata: 0
2018-06-21 01:20:24.831  INFO 9908 --- [main] c.p.a.controller.ProcesadorPalabras      : La palabra: 10b10baaaabb NO esta aceptada por el automata: 0
2018-06-21 01:20:24.847  INFO 9908 --- [main] c.p.a.controller.ProcesadorPalabras      : La palabra: vacia esta aceptada por el automata: 0
2018-06-21 01:20:24.847  INFO 9908 --- [main] c.p.a.controller.ProcesadorPalabras      : La palabra: a esta aceptada por el automata: 0
2018-06-21 01:20:24.847  INFO 9908 --- [main] c.p.a.controller.ProcesadorPalabras      : La palabra: ab esta aceptada por el automata: 0
2018-06-21 01:20:24.847  INFO 9908 --- [main] c.p.a.controller.ProcesadorPalabras      : La palabra: aab NO esta aceptada por el automata: 0
2018-06-21 01:20:24.847  INFO 9908 --- [main] c.p.a.controller.ProcesadorPalabras      : La palabra: aabb esta aceptada por el automata: 0
2018-06-21 01:20:24.847  INFO 9908 --- [main] c.p.a.controller.ProcesadorPalabras      : La palabra: aaabbb esta aceptada por el automata: 0
2018-06-21 01:20:24.847  INFO 9908 --- [main] c.p.a.controller.ProcesadorPalabras      : La palabra: abb NO esta aceptada por el automata: 0
2018-06-21 01:20:24.847  INFO 9908 --- [main] c.p.a.controller.ProcesadorPalabras      : La palabra: aa NO esta aceptada por el automata: 0
2018-06-21 01:20:24.847  INFO 9908 --- [main] c.p.a.controller.ProcesadorPalabras      : La palabra: aaaaaaa NO esta aceptada por el automata: 0
2018-06-21 01:20:24.847  INFO 9908 --- [main] c.p.a.controller.ProcesadorPalabras      : La palabra: vacia esta aceptada por el automata: 0
2018-06-21 01:20:24.847  INFO 9908 --- [main] c.p.a.controller.ProcesadorPalabras      : La palabra: ba esta aceptada por el automata: 0
2018-06-21 01:20:24.847  INFO 9908 --- [main] c.p.a.controller.ProcesadorPalabras      : La palabra: bbab esta aceptada por el automata: 0
2018-06-21 01:20:24.847  INFO 9908 --- [main] c.p.a.controller.ProcesadorPalabras      : La palabra: bbaa esta aceptada por el automata: 0
2018-06-21 01:20:24.847  INFO 9908 --- [main] c.p.a.controller.ProcesadorPalabras      : La palabra: bbbaab esta aceptada por el automata: 0
2018-06-21 01:20:24.847  INFO 9908 --- [main] c.p.a.controller.ProcesadorPalabras      : La palabra: bbbbbb esta aceptada por el automata: 0
2018-06-21 01:20:24.847  INFO 9908 --- [main] c.p.a.controller.ProcesadorPalabras      : La palabra: a NO esta aceptada por el automata: 0
2018-06-21 01:20:24.847  INFO 9908 --- [main] c.p.a.controller.ProcesadorPalabras      : La palabra: aa NO esta aceptada por el automata: 0
2018-06-21 01:20:24.847  INFO 9908 --- [main] c.p.a.controller.ProcesadorPalabras      : La palabra: vacia esta aceptada por el automata: 0
2018-06-21 01:20:24.847  INFO 9908 --- [main] c.p.a.controller.ProcesadorPalabras      : La palabra: d esta aceptada por el automata: 0
2018-06-21 01:20:24.847  INFO 9908 --- [main] c.p.a.controller.ProcesadorPalabras      : La palabra: ddddd esta aceptada por el automata: 0
2018-06-21 01:20:24.847  INFO 9908 --- [main] c.p.a.controller.ProcesadorPalabras      : La palabra: ddddcba esta aceptada por el automata: 0
2018-06-21 01:20:24.847  INFO 9908 --- [main] c.p.a.controller.ProcesadorPalabras      : La palabra: cdba esta aceptada por el automata: 0
2018-06-21 01:20:24.847  INFO 9908 --- [main] c.p.a.controller.ProcesadorPalabras      : La palabra: cccbababa esta aceptada por el automata: 0
2018-06-21 01:20:24.847  INFO 9908 --- [main] c.p.a.controller.ProcesadorPalabras      : La palabra: ccba NO esta aceptada por el automata: 0
2018-06-21 01:20:24.847  INFO 9908 --- [main] c.p.a.controller.ProcesadorPalabras      : La palabra: ccbaba esta aceptada por el automata: 0
2018-06-21 01:20:24.847  INFO 9908 --- [main] c.p.a.controller.ProcesadorPalabras      : La palabra: cccbababa esta aceptada por el automata: 0
2018-06-21 01:20:24.863  INFO 9908 --- [main] c.p.a.controller.ProcesadorPalabras      : La palabra: cbad NO esta aceptada por el automata: 0
2018-06-21 01:20:24.878  INFO 9908 --- [Thread-5] o.s.w.c.s.GenericWebApplicationContext   : Closing org.springframework.web.context.support.GenericWebApplicationContext@5d0bf09b: startup date [Thu Jun 21 01:20:18 CEST 2018]; root of context hierarchy
2018-06-21 01:20:24.894  INFO 9908 --- [Thread-5] ConfigServletWebServerApplicationContext : Closing org.springframework.boot.web.servlet.context.AnnotationConfigServletWebServerApplicationContext@1640c151: startup date [Thu Jun 21 01:20:23 CEST 2018]; parent: org.springframework.web.context.support.GenericWebApplicationContext@5d0bf09b
2018-06-21 01:23:01.085  INFO 7276 --- [main] c.p.a.PushdownGeneratorApplicationTests  : Starting PushdownGeneratorApplicationTests on Borja with PID 7276 (started by Borjarg95 in C:\Users\Borjarg95\git\pushdown-generator_gitHub)
2018-06-21 01:23:01.101  INFO 7276 --- [main] c.p.a.PushdownGeneratorApplicationTests  : No active profile set, falling back to default profiles: default
2018-06-21 01:23:01.148  INFO 7276 --- [main] o.s.w.c.s.GenericWebApplicationContext   : Refreshing org.springframework.web.context.support.GenericWebApplicationContext@3e8c3cb: startup date [Thu Jun 21 01:23:01 CEST 2018]; root of context hierarchy
2018-06-21 01:23:03.507  INFO 7276 --- [main] o.s.w.s.handler.SimpleUrlHandlerMapping  : Mapped URL path [/**/favicon.ico] onto handler of type [class org.springframework.web.servlet.resource.ResourceHttpRequestHandler]
2018-06-21 01:23:03.850  INFO 7276 --- [main] s.w.s.m.m.a.RequestMappingHandlerAdapter : Looking for @ControllerAdvice: org.springframework.web.context.support.GenericWebApplicationContext@3e8c3cb: startup date [Thu Jun 21 01:23:01 CEST 2018]; root of context hierarchy
2018-06-21 01:23:03.959  INFO 7276 --- [main] s.w.s.m.m.a.RequestMappingHandlerMapping : Mapped "{[/Generate],methods=[POST]}" onto public org.springframework.http.ResponseEntity<?> com.pushdown.automaton.controller.AutomataController.generaAutomata(java.lang.String,javax.servlet.http.HttpServletRequest)
2018-06-21 01:23:03.959  INFO 7276 --- [main] s.w.s.m.m.a.RequestMappingHandlerMapping : Mapped "{[/CheckWord/{index}/{palabra}],methods=[GET],produces=[application/json]}" onto public org.springframework.http.ResponseEntity<?> com.pushdown.automaton.controller.AutomataController.validaPalabra(java.lang.String,java.lang.String)
2018-06-21 01:23:03.959  INFO 7276 --- [main] s.w.s.m.m.a.RequestMappingHandlerMapping : Mapped "{[/error]}" onto public org.springframework.http.ResponseEntity<java.util.Map<java.lang.String, java.lang.Object>> org.springframework.boot.autoconfigure.web.servlet.error.BasicErrorController.error(javax.servlet.http.HttpServletRequest)
2018-06-21 01:23:03.959  INFO 7276 --- [main] s.w.s.m.m.a.RequestMappingHandlerMapping : Mapped "{[/error],produces=[text/html]}" onto public org.springframework.web.servlet.ModelAndView org.springframework.boot.autoconfigure.web.servlet.error.BasicErrorController.errorHtml(javax.servlet.http.HttpServletRequest,javax.servlet.http.HttpServletResponse)
2018-06-21 01:23:04.021  INFO 7276 --- [main] o.s.w.s.handler.SimpleUrlHandlerMapping  : Mapped URL path [/webjars/**] onto handler of type [class org.springframework.web.servlet.resource.ResourceHttpRequestHandler]
2018-06-21 01:23:04.021  INFO 7276 --- [main] o.s.w.s.handler.SimpleUrlHandlerMapping  : Mapped URL path [/**] onto handler of type [class org.springframework.web.servlet.resource.ResourceHttpRequestHandler]
2018-06-21 01:23:04.100  INFO 7276 --- [main] o.s.b.a.w.s.WelcomePageHandlerMapping    : Adding welcome page: class path resource [static/index.html]
2018-06-21 01:23:05.365  INFO 7276 --- [main] ConfigServletWebServerApplicationContext : Refreshing org.springframework.boot.web.servlet.context.AnnotationConfigServletWebServerApplicationContext@5c20aab9: startup date [Thu Jun 21 01:23:05 CEST 2018]; parent: org.springframework.web.context.support.GenericWebApplicationContext@3e8c3cb
2018-06-21 01:23:05.461  INFO 7276 --- [main] o.s.b.f.s.DefaultListableBeanFactory     : Overriding bean definition for bean 'handlerExceptionResolver' with a different definition: replacing [Root bean: class [null]; scope=; abstract=false; lazyInit=false; autowireMode=3; dependencyCheck=0; autowireCandidate=true; primary=false; factoryBeanName=org.springframework.web.servlet.config.annotation.DelegatingWebMvcConfiguration; factoryMethodName=handlerExceptionResolver; initMethodName=null; destroyMethodName=(inferred); defined in class path resource [org/springframework/web/servlet/config/annotation/DelegatingWebMvcConfiguration.class]] with [Root bean: class [null]; scope=; abstract=false; lazyInit=false; autowireMode=3; dependencyCheck=0; autowireCandidate=true; primary=false; factoryBeanName=org.springframework.boot.actuate.autoconfigure.web.servlet.WebMvcEndpointChildContextConfiguration; factoryMethodName=compositeHandlerExceptionResolver; initMethodName=null; destroyMethodName=(inferred); defined in class path resource [org/springframework/boot/actuate/autoconfigure/web/servlet/WebMvcEndpointChildContextConfiguration.class]]
2018-06-21 01:23:05.711  INFO 7276 --- [main] o.s.b.w.embedded.tomcat.TomcatWebServer  : Tomcat initialized with port(s): 9577 (http)
2018-06-21 01:23:05.757  INFO 7276 --- [main] o.apache.catalina.core.StandardService   : Starting service [Tomcat]
2018-06-21 01:23:05.757  INFO 7276 --- [main] org.apache.catalina.core.StandardEngine  : Starting Servlet Engine: Apache Tomcat/8.5.31
2018-06-21 01:23:05.773  INFO 7276 --- [localhost-startStop-1] o.a.catalina.core.AprLifecycleListener   : The APR based Apache Tomcat Native library which allows optimal performance in production environments was not found on the java.library.path: [C:\Program Files\Java\jdk1.8.0_51\bin;C:\WINDOWS\Sun\Java\bin;C:\WINDOWS\system32;C:\WINDOWS;C:/Program Files/Java/jre1.8.0_171/bin/server;C:/Program Files/Java/jre1.8.0_171/bin;C:/Program Files/Java/jre1.8.0_171/lib/amd64;C:\Program Files (x86)\Common Files\Oracle\Java\javapath;C:\ProgramData\Oracle\Java\javapath;C:\Program Files (x86)\Intel\iCLS Client\;C:\Program Files\Intel\iCLS Client\;C:\WINDOWS\system32;C:\WINDOWS;C:\WINDOWS\System32\Wbem;C:\WINDOWS\System32\WindowsPowerShell\v1.0\;C:\Program Files\Intel\WiFi\bin\;C:\Program Files\Common Files\Intel\WirelessCommon\;C:\Program Files\Intel\Intel(R) Management Engine Components\DAL;C:\Program Files\Intel\Intel(R) Management Engine Components\IPT;C:\Program Files (x86)\Intel\Intel(R) Management Engine Components\DAL;C:\Program Files (x86)\Intel\Intel(R) Management Engine Components\IPT;C:\Program Files\Microsoft SQL Server\110\Tools\Binn\;C:\Program Files\Java\jdk1.8.0_51\bin;C:\MinGW\;C:\Program Files\Microsoft SQL Server\130\Tools\Binn\;C:\MinGW\msys\1.0\bin;C:\Program Files (x86)\Skype\Phone\;C:\Program Files (x86)\MiKTeX 2.9\miktex\bin\;C:\Program Files (x86)\LyX 2.2\Perl\bin;C:\Program Files\PuTTY\;C:\Program Files (x86)\NVIDIA Corporation\PhysX\Common;C:\WINDOWS\system32;C:\WINDOWS;C:\WINDOWS\System32\Wbem;C:\WINDOWS\System32\WindowsPowerShell\v1.0\;C:\WINDOWS\System32\OpenSSH\;C:\Program Files\apache-maven-3.5.3\bin;C:\Users\Borjarg95\Anaconda2;C:\Users\Borjarg95\Anaconda2\Scripts;C:\Users\Borjarg95\Anaconda2\Library\bin;C:\Program Files\Intel\WiFi\bin\;C:\Program Files\Common Files\Intel\WirelessCommon\;C:\Program Files\Java\jdk1.8.0_51\bin;C:\MinGW\bin;C:\MinGW\MSYS\1.0\bin;C:\Users\Borjarg95\AppData\Local\Microsoft\WindowsApps;"C:\program files\apache-maven-3.5.3\bin;C:\Program Files (x86)\Common Files\Oracle\Java\javapath;C:\ProgramData\Oracle\Java\javapath;C:\Program Files (x86)\Intel\iCLS Client\;C:\Program Files\Intel\iCLS Client\;C:\WINDOWS\system32;C:\WINDOWS;C:\WINDOWS\System32\Wbem;C:\WINDOWS\System32\WindowsPowerShell\v1.0\;C:\Program Files\Intel\WiFi\bin\;C:\Program Files\Common Files\Intel\WirelessCommon\;C:\Program Files\Intel\Intel(R) Management Engine Components\DAL;C:\Program Files\Intel\Intel(R) Management Engine Components\IPT;C:\Program Files (x86)\Intel\Intel(R) Management Engine Components\DAL;C:\Program Files (x86)\Intel\Intel(R) Management Engine Components\IPT;C:\Program Files\Microsoft SQL Server\110\Tools\Binn\;C:\Program Files\Java\jdk1.8.0_51\bin;C:\MinGW\;C:\Program Files\Microsoft SQL Server\130\Tools\Binn\;C:\MinGW\msys\1.0\bin;C:\Program Files (x86)\Skype\Phone\;C:\Program Files (x86)\MiKTeX 2.9\miktex\bin\;C:\Program Files (x86)\LyX 2.2\Perl\bin;C:\Program Files\PuTTY\;C:\Program Files (x86)\NVIDIA Corporation\PhysX\Common;C:\WINDOWS\system32;C:\WINDOWS;C:\WINDOWS\System32\Wbem;C:\WINDOWS\System32\WindowsPowerShell\v1.0\;C:\WINDOWS\System32\OpenSSH\;C:\Program Files\apache-maven-3.5.3\bin;";;C:\spring-tool-suite-3.8.3.RELEASE-e4.6.2-win32-x86_64\sts-bundle\sts-3.8.3.RELEASE;;.]
2018-06-21 01:23:05.976  INFO 7276 --- [localhost-startStop-1] o.a.c.c.C.[Tomcat].[localhost].[/]       : Initializing Spring embedded WebApplicationContext
2018-06-21 01:23:05.976  INFO 7276 --- [localhost-startStop-1] o.s.web.context.ContextLoader            : Root WebApplicationContext: initialization completed in 611 ms
2018-06-21 01:23:06.023  INFO 7276 --- [localhost-startStop-1] o.s.b.w.servlet.ServletRegistrationBean  : Servlet dispatcherServlet mapped to [/]
2018-06-21 01:23:06.054  INFO 7276 --- [main] o.s.b.a.e.web.EndpointLinksResolver      : Exposing 3 endpoint(s) beneath base path '/actuator'
2018-06-21 01:23:06.085  INFO 7276 --- [main] s.b.a.e.w.s.WebMvcEndpointHandlerMapping : Mapped "{[/actuator/health],methods=[GET],produces=[application/vnd.spring-boot.actuator.v2+json || application/json]}" onto public java.lang.Object org.springframework.boot.actuate.endpoint.web.servlet.AbstractWebMvcEndpointHandlerMapping$OperationHandler.handle(javax.servlet.http.HttpServletRequest,java.util.Map<java.lang.String, java.lang.String>)
2018-06-21 01:23:06.085  INFO 7276 --- [main] s.b.a.e.w.s.WebMvcEndpointHandlerMapping : Mapped "{[/actuator/logfile],methods=[GET],produces=[application/octet-stream]}" onto public java.lang.Object org.springframework.boot.actuate.endpoint.web.servlet.AbstractWebMvcEndpointHandlerMapping$OperationHandler.handle(javax.servlet.http.HttpServletRequest,java.util.Map<java.lang.String, java.lang.String>)
2018-06-21 01:23:06.085  INFO 7276 --- [main] s.b.a.e.w.s.WebMvcEndpointHandlerMapping : Mapped "{[/actuator/httptrace],methods=[GET],produces=[application/vnd.spring-boot.actuator.v2+json || application/json]}" onto public java.lang.Object org.springframework.boot.actuate.endpoint.web.servlet.AbstractWebMvcEndpointHandlerMapping$OperationHandler.handle(javax.servlet.http.HttpServletRequest,java.util.Map<java.lang.String, java.lang.String>)
2018-06-21 01:23:06.085  INFO 7276 --- [main] s.b.a.e.w.s.WebMvcEndpointHandlerMapping : Mapped "{[/actuator],methods=[GET],produces=[application/vnd.spring-boot.actuator.v2+json || application/json]}" onto protected java.util.Map<java.lang.String, java.util.Map<java.lang.String, org.springframework.boot.actuate.endpoint.web.Link>> org.springframework.boot.actuate.endpoint.web.servlet.WebMvcEndpointHandlerMapping.links(javax.servlet.http.HttpServletRequest,javax.servlet.http.HttpServletResponse)
2018-06-21 01:23:06.148  INFO 7276 --- [main] s.w.s.m.m.a.RequestMappingHandlerMapping : Mapped "{[/error]}" onto public java.util.Map<java.lang.String, java.lang.Object> org.springframework.boot.actuate.autoconfigure.web.servlet.ManagementErrorEndpoint.invoke(org.springframework.web.context.request.ServletWebRequest)
2018-06-21 01:23:06.164  INFO 7276 --- [main] o.s.w.s.handler.SimpleUrlHandlerMapping  : Mapped URL path [/webjars/**] onto handler of type [class org.springframework.web.servlet.resource.ResourceHttpRequestHandler]
2018-06-21 01:23:06.164  INFO 7276 --- [main] o.s.w.s.handler.SimpleUrlHandlerMapping  : Mapped URL path [/**] onto handler of type [class org.springframework.web.servlet.resource.ResourceHttpRequestHandler]
2018-06-21 01:23:06.226  INFO 7276 --- [main] s.w.s.m.m.a.RequestMappingHandlerAdapter : Looking for @ControllerAdvice: org.springframework.boot.web.servlet.context.AnnotationConfigServletWebServerApplicationContext@5c20aab9: startup date [Thu Jun 21 01:23:05 CEST 2018]; parent: org.springframework.web.context.support.GenericWebApplicationContext@3e8c3cb
2018-06-21 01:23:06.304  INFO 7276 --- [main] o.s.b.w.embedded.tomcat.TomcatWebServer  : Tomcat started on port(s): 9577 (http) with context path ''
2018-06-21 01:23:06.320  INFO 7276 --- [main] c.p.a.PushdownGeneratorApplicationTests  : Started PushdownGeneratorApplicationTests in 5.719 seconds (JVM running for 7.004)
2018-06-21 01:23:06.601  INFO 7276 --- [main] c.p.a.controller.ProcesadorPalabras      : La palabra: vacia esta aceptada por el automata: 0
2018-06-21 01:23:06.611  INFO 7276 --- [main] c.p.a.controller.ProcesadorPalabras      : La palabra: ba esta aceptada por el automata: 0
2018-06-21 01:23:06.611  INFO 7276 --- [main] c.p.a.controller.ProcesadorPalabras      : La palabra: bbab esta aceptada por el automata: 0
2018-06-21 01:23:06.613  INFO 7276 --- [main] c.p.a.controller.ProcesadorPalabras      : La palabra: bba esta generando un bucle infinito: AutomataPila [id: 0, alfabetoLenguaje=[a, b], alfabetoPila=[A, B, S], estadosPila=[p, q, r], inicialPila=S, estadoInicial=p, transiciones={(q,b,B)=[(r, [@])], (r,b,B)=[(r, [@])], (p,b,S)=[(p, [S, B])], (p,a,B)=[(q, [@])], (r,@,S)=[(r, [@])], (p,b,B)=[(p, [B, B]), (r, [@])], (q,a,B)=[(q, [@])], (p,@,S)=[(p, [@])], (q,@,S)=[(q, [@])]}, estadosFinales=[]]
2018-06-21 01:23:06.613  INFO 7276 --- [main] c.p.a.controller.ProcesadorPalabras      : La palabra: bba NO esta aceptada por el automata: 0
2018-06-21 01:23:06.613  INFO 7276 --- [main] c.p.a.controller.ProcesadorPalabras      : La palabra: bbaa esta aceptada por el automata: 0
2018-06-21 01:23:06.613  INFO 7276 --- [main] c.p.a.controller.ProcesadorPalabras      : La palabra: bbaabb esta generando un bucle infinito: AutomataPila [id: 0, alfabetoLenguaje=[a, b], alfabetoPila=[A, B, S], estadosPila=[p, q, r], inicialPila=S, estadoInicial=p, transiciones={(q,b,B)=[(r, [@])], (r,b,B)=[(r, [@])], (p,b,S)=[(p, [S, B])], (p,a,B)=[(q, [@])], (r,@,S)=[(r, [@])], (p,b,B)=[(p, [B, B]), (r, [@])], (q,a,B)=[(q, [@])], (p,@,S)=[(p, [@])], (q,@,S)=[(q, [@])]}, estadosFinales=[]]
2018-06-21 01:23:06.613  INFO 7276 --- [main] c.p.a.controller.ProcesadorPalabras      : La palabra: bbaabb NO esta aceptada por el automata: 0
2018-06-21 01:23:06.613  INFO 7276 --- [main] c.p.a.controller.ProcesadorPalabras      : La palabra: bbbaab esta aceptada por el automata: 0
2018-06-21 01:23:06.613  INFO 7276 --- [main] c.p.a.controller.ProcesadorPalabras      : La palabra: bbbbbb esta aceptada por el automata: 0
2018-06-21 01:23:06.613  INFO 7276 --- [main] c.p.a.controller.ProcesadorPalabras      : La palabra: a NO esta aceptada por el automata: 0
2018-06-21 01:23:06.613  INFO 7276 --- [main] c.p.a.controller.ProcesadorPalabras      : La palabra: aa NO esta aceptada por el automata: 0
2018-06-21 01:23:06.629  INFO 7276 --- [main] c.p.a.controller.ProcesadorPalabras      : La palabra: bbabb esta generando un bucle infinito: AutomataPila [id: 0, alfabetoLenguaje=[a, b], alfabetoPila=[A, B, S], estadosPila=[p, q, r], inicialPila=S, estadoInicial=p, transiciones={(q,b,B)=[(r, [@])], (r,b,B)=[(r, [@])], (p,b,S)=[(p, [S, B])], (p,a,B)=[(q, [@])], (r,@,S)=[(r, [@])], (p,b,B)=[(p, [B, B]), (r, [@])], (q,a,B)=[(q, [@])], (p,@,S)=[(p, [@])], (q,@,S)=[(q, [@])]}, estadosFinales=[]]
2018-06-21 01:23:06.629  INFO 7276 --- [main] c.p.a.controller.ProcesadorPalabras      : La palabra: bbabb NO esta aceptada por el automata: 0
2018-06-21 01:23:06.629  INFO 7276 --- [main] c.p.a.controller.ProcesadorPalabras      : La palabra: bbbbbbabbbbb esta aceptada por el automata: 0
2018-06-21 01:23:06.629  INFO 7276 --- [main] c.p.a.controller.ProcesadorPalabras      : La palabra: bbbbbbaabbbb esta aceptada por el automata: 0
2018-06-21 01:23:06.629  INFO 7276 --- [main] c.p.a.controller.ProcesadorPalabras      : La palabra: bbbbbaaabb esta aceptada por el automata: 0
2018-06-21 01:23:06.629  INFO 7276 --- [main] c.p.a.controller.ProcesadorPalabras      : La palabra: bbbbaaabb esta generando un bucle infinito: AutomataPila [id: 0, alfabetoLenguaje=[a, b], alfabetoPila=[A, B, S], estadosPila=[p, q, r], inicialPila=S, estadoInicial=p, transiciones={(q,b,B)=[(r, [@])], (r,b,B)=[(r, [@])], (p,b,S)=[(p, [S, B])], (p,a,B)=[(q, [@])], (r,@,S)=[(r, [@])], (p,b,B)=[(p, [B, B]), (r, [@])], (q,a,B)=[(q, [@])], (p,@,S)=[(p, [@])], (q,@,S)=[(q, [@])]}, estadosFinales=[]]
2018-06-21 01:23:06.629  INFO 7276 --- [main] c.p.a.controller.ProcesadorPalabras      : La palabra: bbbbaaabb NO esta aceptada por el automata: 0
2018-06-21 01:23:06.629  INFO 7276 --- [main] c.p.a.controller.ProcesadorPalabras      : La palabra: bbbbaaab esta aceptada por el automata: 0
2018-06-21 01:23:06.629  INFO 7276 --- [main] c.p.a.controller.ProcesadorPalabras      : La palabra: bbbbaaaa esta aceptada por el automata: 0
2018-06-21 01:23:06.629  INFO 7276 --- [main] c.p.a.controller.ProcesadorPalabras      : La palabra: bbbbaaaa esta aceptada por el automata: 0
2018-06-21 01:23:06.645  INFO 7276 --- [main] c.p.a.controller.ProcesadorPalabras      : La palabra: bbbaaaa esta generando un bucle infinito: AutomataPila [id: 0, alfabetoLenguaje=[a, b], alfabetoPila=[A, B, S], estadosPila=[p, q, r], inicialPila=S, estadoInicial=p, transiciones={(q,b,B)=[(r, [@])], (r,b,B)=[(r, [@])], (p,b,S)=[(p, [S, B])], (p,a,B)=[(q, [@])], (r,@,S)=[(r, [@])], (p,b,B)=[(p, [B, B]), (r, [@])], (q,a,B)=[(q, [@])], (p,@,S)=[(p, [@])], (q,@,S)=[(q, [@])]}, estadosFinales=[]]
2018-06-21 01:23:06.645  INFO 7276 --- [main] c.p.a.controller.ProcesadorPalabras      : La palabra: bbbaaaa NO esta aceptada por el automata: 0
2018-06-21 01:23:06.645  INFO 7276 --- [main] c.p.a.controller.ProcesadorPalabras      : La palabra: vacia esta aceptada por el automata: 0
2018-06-21 01:23:06.645  INFO 7276 --- [main] c.p.a.controller.ProcesadorPalabras      : La palabra: aaaaaa esta aceptada por el automata: 0
2018-06-21 01:23:06.645  INFO 7276 --- [main] c.p.a.controller.ProcesadorPalabras      : La palabra: a esta aceptada por el automata: 0
2018-06-21 01:23:06.645  INFO 7276 --- [main] c.p.a.controller.ProcesadorPalabras      : La palabra: 10b esta aceptada por el automata: 0
2018-06-21 01:23:06.645  INFO 7276 --- [main] c.p.a.controller.ProcesadorPalabras      : La palabra: 1010bb esta aceptada por el automata: 0
2018-06-21 01:23:06.645  INFO 7276 --- [main] c.p.a.controller.ProcesadorPalabras      : La palabra: 1010b NO esta aceptada por el automata: 0
2018-06-21 01:23:06.645  INFO 7276 --- [main] c.p.a.controller.ProcesadorPalabras      : La palabra: 1010bbb NO esta aceptada por el automata: 0
2018-06-21 01:23:06.645  INFO 7276 --- [main] c.p.a.controller.ProcesadorPalabras      : La palabra: 1010baaa NO esta aceptada por el automata: 0
2018-06-21 01:23:06.645  INFO 7276 --- [main] c.p.a.controller.ProcesadorPalabras      : La palabra: 1010bbaaaa esta aceptada por el automata: 0
2018-06-21 01:23:06.645  INFO 7276 --- [main] c.p.a.controller.ProcesadorPalabras      : La palabra: 1010baaaba esta aceptada por el automata: 0
2018-06-21 01:23:06.645  INFO 7276 --- [main] c.p.a.controller.ProcesadorPalabras      : La palabra: 1010baaaab esta aceptada por el automata: 0
2018-06-21 01:23:06.645  INFO 7276 --- [main] c.p.a.controller.ProcesadorPalabras      : La palabra: 1010baaaabb NO esta aceptada por el automata: 0
2018-06-21 01:23:06.645  INFO 7276 --- [main] c.p.a.controller.ProcesadorPalabras      : La palabra: 10a10baaaabb NO esta aceptada por el automata: 0
2018-06-21 01:23:06.645  INFO 7276 --- [main] c.p.a.controller.ProcesadorPalabras      : La palabra: 10b10baaaabb NO esta aceptada por el automata: 0
2018-06-21 01:23:06.660  INFO 7276 --- [main] c.p.a.controller.ProcesadorPalabras      : La palabra: vacia esta aceptada por el automata: 0
2018-06-21 01:23:06.660  INFO 7276 --- [main] c.p.a.controller.ProcesadorPalabras      : La palabra: a esta aceptada por el automata: 0
2018-06-21 01:23:06.660  INFO 7276 --- [main] c.p.a.controller.ProcesadorPalabras      : La palabra: ab esta aceptada por el automata: 0
2018-06-21 01:23:06.660  INFO 7276 --- [main] c.p.a.controller.ProcesadorPalabras      : La palabra: aab NO esta aceptada por el automata: 0
2018-06-21 01:23:06.660  INFO 7276 --- [main] c.p.a.controller.ProcesadorPalabras      : La palabra: aabb esta aceptada por el automata: 0
2018-06-21 01:23:06.660  INFO 7276 --- [main] c.p.a.controller.ProcesadorPalabras      : La palabra: aaabbb esta aceptada por el automata: 0
2018-06-21 01:23:06.660  INFO 7276 --- [main] c.p.a.controller.ProcesadorPalabras      : La palabra: abb NO esta aceptada por el automata: 0
2018-06-21 01:23:06.660  INFO 7276 --- [main] c.p.a.controller.ProcesadorPalabras      : La palabra: aa NO esta aceptada por el automata: 0
2018-06-21 01:23:06.660  INFO 7276 --- [main] c.p.a.controller.ProcesadorPalabras      : La palabra: aaaaaaa NO esta aceptada por el automata: 0
2018-06-21 01:23:06.676  INFO 7276 --- [main] c.p.a.controller.ProcesadorPalabras      : La palabra: vacia esta aceptada por el automata: 0
2018-06-21 01:23:06.676  INFO 7276 --- [main] c.p.a.controller.ProcesadorPalabras      : La palabra: ba esta aceptada por el automata: 0
2018-06-21 01:23:06.676  INFO 7276 --- [main] c.p.a.controller.ProcesadorPalabras      : La palabra: bbab esta aceptada por el automata: 0
2018-06-21 01:23:06.676  INFO 7276 --- [main] c.p.a.controller.ProcesadorPalabras      : La palabra: bbaa esta aceptada por el automata: 0
2018-06-21 01:23:06.676  INFO 7276 --- [main] c.p.a.controller.ProcesadorPalabras      : La palabra: bbbaab esta aceptada por el automata: 0
2018-06-21 01:23:06.676  INFO 7276 --- [main] c.p.a.controller.ProcesadorPalabras      : La palabra: bbbbbb esta aceptada por el automata: 0
2018-06-21 01:23:06.676  INFO 7276 --- [main] c.p.a.controller.ProcesadorPalabras      : La palabra: a NO esta aceptada por el automata: 0
2018-06-21 01:23:06.676  INFO 7276 --- [main] c.p.a.controller.ProcesadorPalabras      : La palabra: aa NO esta aceptada por el automata: 0
2018-06-21 01:23:06.676  INFO 7276 --- [main] c.p.a.controller.ProcesadorPalabras      : La palabra: vacia esta aceptada por el automata: 0
2018-06-21 01:23:06.676  INFO 7276 --- [main] c.p.a.controller.ProcesadorPalabras      : La palabra: d esta aceptada por el automata: 0
2018-06-21 01:23:06.676  INFO 7276 --- [main] c.p.a.controller.ProcesadorPalabras      : La palabra: ddddd esta aceptada por el automata: 0
2018-06-21 01:23:06.676  INFO 7276 --- [main] c.p.a.controller.ProcesadorPalabras      : La palabra: ddddcba esta aceptada por el automata: 0
2018-06-21 01:23:06.676  INFO 7276 --- [main] c.p.a.controller.ProcesadorPalabras      : La palabra: cdba esta aceptada por el automata: 0
2018-06-21 01:23:06.676  INFO 7276 --- [main] c.p.a.controller.ProcesadorPalabras      : La palabra: cccbababa esta aceptada por el automata: 0
2018-06-21 01:23:06.676  INFO 7276 --- [main] c.p.a.controller.ProcesadorPalabras      : La palabra: ccba NO esta aceptada por el automata: 0
2018-06-21 01:23:06.676  INFO 7276 --- [main] c.p.a.controller.ProcesadorPalabras      : La palabra: ccbaba esta aceptada por el automata: 0
2018-06-21 01:23:06.676  INFO 7276 --- [main] c.p.a.controller.ProcesadorPalabras      : La palabra: cccbababa esta aceptada por el automata: 0
2018-06-21 01:23:06.676  INFO 7276 --- [main] c.p.a.controller.ProcesadorPalabras      : La palabra: cbad NO esta aceptada por el automata: 0
2018-06-21 01:23:06.691  INFO 7276 --- [Thread-5] o.s.w.c.s.GenericWebApplicationContext   : Closing org.springframework.web.context.support.GenericWebApplicationContext@3e8c3cb: startup date [Thu Jun 21 01:23:01 CEST 2018]; root of context hierarchy
2018-06-21 01:23:06.691  INFO 7276 --- [Thread-5] ConfigServletWebServerApplicationContext : Closing org.springframework.boot.web.servlet.context.AnnotationConfigServletWebServerApplicationContext@5c20aab9: startup date [Thu Jun 21 01:23:05 CEST 2018]; parent: org.springframework.web.context.support.GenericWebApplicationContext@3e8c3cb
2018-06-21 01:24:40.272  INFO 2836 --- [main] c.p.a.PushdownGeneratorApplicationTests  : Starting PushdownGeneratorApplicationTests on Borja with PID 2836 (started by Borjarg95 in C:\Users\Borjarg95\git\pushdown-generator_gitHub)
2018-06-21 01:24:40.303  INFO 2836 --- [main] c.p.a.PushdownGeneratorApplicationTests  : No active profile set, falling back to default profiles: default
2018-06-21 01:24:40.382  INFO 2836 --- [main] o.s.w.c.s.GenericWebApplicationContext   : Refreshing org.springframework.web.context.support.GenericWebApplicationContext@563f38c4: startup date [Thu Jun 21 01:24:40 CEST 2018]; root of context hierarchy
2018-06-21 01:24:42.897  INFO 2836 --- [main] o.s.w.s.handler.SimpleUrlHandlerMapping  : Mapped URL path [/**/favicon.ico] onto handler of type [class org.springframework.web.servlet.resource.ResourceHttpRequestHandler]
2018-06-21 01:24:43.251  INFO 2836 --- [main] s.w.s.m.m.a.RequestMappingHandlerAdapter : Looking for @ControllerAdvice: org.springframework.web.context.support.GenericWebApplicationContext@563f38c4: startup date [Thu Jun 21 01:24:40 CEST 2018]; root of context hierarchy
2018-06-21 01:24:43.376  INFO 2836 --- [main] s.w.s.m.m.a.RequestMappingHandlerMapping : Mapped "{[/Generate],methods=[POST]}" onto public org.springframework.http.ResponseEntity<?> com.pushdown.automaton.controller.AutomataController.generaAutomata(java.lang.String,javax.servlet.http.HttpServletRequest)
2018-06-21 01:24:43.376  INFO 2836 --- [main] s.w.s.m.m.a.RequestMappingHandlerMapping : Mapped "{[/CheckWord/{index}/{palabra}],methods=[GET],produces=[application/json]}" onto public org.springframework.http.ResponseEntity<?> com.pushdown.automaton.controller.AutomataController.validaPalabra(java.lang.String,java.lang.String)
2018-06-21 01:24:43.391  INFO 2836 --- [main] s.w.s.m.m.a.RequestMappingHandlerMapping : Mapped "{[/error]}" onto public org.springframework.http.ResponseEntity<java.util.Map<java.lang.String, java.lang.Object>> org.springframework.boot.autoconfigure.web.servlet.error.BasicErrorController.error(javax.servlet.http.HttpServletRequest)
2018-06-21 01:24:43.391  INFO 2836 --- [main] s.w.s.m.m.a.RequestMappingHandlerMapping : Mapped "{[/error],produces=[text/html]}" onto public org.springframework.web.servlet.ModelAndView org.springframework.boot.autoconfigure.web.servlet.error.BasicErrorController.errorHtml(javax.servlet.http.HttpServletRequest,javax.servlet.http.HttpServletResponse)
2018-06-21 01:24:43.438  INFO 2836 --- [main] o.s.w.s.handler.SimpleUrlHandlerMapping  : Mapped URL path [/webjars/**] onto handler of type [class org.springframework.web.servlet.resource.ResourceHttpRequestHandler]
2018-06-21 01:24:43.438  INFO 2836 --- [main] o.s.w.s.handler.SimpleUrlHandlerMapping  : Mapped URL path [/**] onto handler of type [class org.springframework.web.servlet.resource.ResourceHttpRequestHandler]
2018-06-21 01:24:43.548  INFO 2836 --- [main] o.s.b.a.w.s.WelcomePageHandlerMapping    : Adding welcome page: class path resource [static/index.html]
2018-06-21 01:24:44.735  INFO 2836 --- [main] ConfigServletWebServerApplicationContext : Refreshing org.springframework.boot.web.servlet.context.AnnotationConfigServletWebServerApplicationContext@387bf2d9: startup date [Thu Jun 21 01:24:44 CEST 2018]; parent: org.springframework.web.context.support.GenericWebApplicationContext@563f38c4
2018-06-21 01:24:44.815  INFO 2836 --- [main] o.s.b.f.s.DefaultListableBeanFactory     : Overriding bean definition for bean 'handlerExceptionResolver' with a different definition: replacing [Root bean: class [null]; scope=; abstract=false; lazyInit=false; autowireMode=3; dependencyCheck=0; autowireCandidate=true; primary=false; factoryBeanName=org.springframework.web.servlet.config.annotation.DelegatingWebMvcConfiguration; factoryMethodName=handlerExceptionResolver; initMethodName=null; destroyMethodName=(inferred); defined in class path resource [org/springframework/web/servlet/config/annotation/DelegatingWebMvcConfiguration.class]] with [Root bean: class [null]; scope=; abstract=false; lazyInit=false; autowireMode=3; dependencyCheck=0; autowireCandidate=true; primary=false; factoryBeanName=org.springframework.boot.actuate.autoconfigure.web.servlet.WebMvcEndpointChildContextConfiguration; factoryMethodName=compositeHandlerExceptionResolver; initMethodName=null; destroyMethodName=(inferred); defined in class path resource [org/springframework/boot/actuate/autoconfigure/web/servlet/WebMvcEndpointChildContextConfiguration.class]]
2018-06-21 01:24:45.049  INFO 2836 --- [main] o.s.b.w.embedded.tomcat.TomcatWebServer  : Tomcat initialized with port(s): 9577 (http)
2018-06-21 01:24:45.096  INFO 2836 --- [main] o.apache.catalina.core.StandardService   : Starting service [Tomcat]
2018-06-21 01:24:45.096  INFO 2836 --- [main] org.apache.catalina.core.StandardEngine  : Starting Servlet Engine: Apache Tomcat/8.5.31
2018-06-21 01:24:45.112  INFO 2836 --- [localhost-startStop-1] o.a.catalina.core.AprLifecycleListener   : The APR based Apache Tomcat Native library which allows optimal performance in production environments was not found on the java.library.path: [C:\Program Files\Java\jdk1.8.0_51\bin;C:\WINDOWS\Sun\Java\bin;C:\WINDOWS\system32;C:\WINDOWS;C:/Program Files/Java/jre1.8.0_171/bin/server;C:/Program Files/Java/jre1.8.0_171/bin;C:/Program Files/Java/jre1.8.0_171/lib/amd64;C:\Program Files (x86)\Common Files\Oracle\Java\javapath;C:\ProgramData\Oracle\Java\javapath;C:\Program Files (x86)\Intel\iCLS Client\;C:\Program Files\Intel\iCLS Client\;C:\WINDOWS\system32;C:\WINDOWS;C:\WINDOWS\System32\Wbem;C:\WINDOWS\System32\WindowsPowerShell\v1.0\;C:\Program Files\Intel\WiFi\bin\;C:\Program Files\Common Files\Intel\WirelessCommon\;C:\Program Files\Intel\Intel(R) Management Engine Components\DAL;C:\Program Files\Intel\Intel(R) Management Engine Components\IPT;C:\Program Files (x86)\Intel\Intel(R) Management Engine Components\DAL;C:\Program Files (x86)\Intel\Intel(R) Management Engine Components\IPT;C:\Program Files\Microsoft SQL Server\110\Tools\Binn\;C:\Program Files\Java\jdk1.8.0_51\bin;C:\MinGW\;C:\Program Files\Microsoft SQL Server\130\Tools\Binn\;C:\MinGW\msys\1.0\bin;C:\Program Files (x86)\Skype\Phone\;C:\Program Files (x86)\MiKTeX 2.9\miktex\bin\;C:\Program Files (x86)\LyX 2.2\Perl\bin;C:\Program Files\PuTTY\;C:\Program Files (x86)\NVIDIA Corporation\PhysX\Common;C:\WINDOWS\system32;C:\WINDOWS;C:\WINDOWS\System32\Wbem;C:\WINDOWS\System32\WindowsPowerShell\v1.0\;C:\WINDOWS\System32\OpenSSH\;C:\Program Files\apache-maven-3.5.3\bin;C:\Users\Borjarg95\Anaconda2;C:\Users\Borjarg95\Anaconda2\Scripts;C:\Users\Borjarg95\Anaconda2\Library\bin;C:\Program Files\Intel\WiFi\bin\;C:\Program Files\Common Files\Intel\WirelessCommon\;C:\Program Files\Java\jdk1.8.0_51\bin;C:\MinGW\bin;C:\MinGW\MSYS\1.0\bin;C:\Users\Borjarg95\AppData\Local\Microsoft\WindowsApps;"C:\program files\apache-maven-3.5.3\bin;C:\Program Files (x86)\Common Files\Oracle\Java\javapath;C:\ProgramData\Oracle\Java\javapath;C:\Program Files (x86)\Intel\iCLS Client\;C:\Program Files\Intel\iCLS Client\;C:\WINDOWS\system32;C:\WINDOWS;C:\WINDOWS\System32\Wbem;C:\WINDOWS\System32\WindowsPowerShell\v1.0\;C:\Program Files\Intel\WiFi\bin\;C:\Program Files\Common Files\Intel\WirelessCommon\;C:\Program Files\Intel\Intel(R) Management Engine Components\DAL;C:\Program Files\Intel\Intel(R) Management Engine Components\IPT;C:\Program Files (x86)\Intel\Intel(R) Management Engine Components\DAL;C:\Program Files (x86)\Intel\Intel(R) Management Engine Components\IPT;C:\Program Files\Microsoft SQL Server\110\Tools\Binn\;C:\Program Files\Java\jdk1.8.0_51\bin;C:\MinGW\;C:\Program Files\Microsoft SQL Server\130\Tools\Binn\;C:\MinGW\msys\1.0\bin;C:\Program Files (x86)\Skype\Phone\;C:\Program Files (x86)\MiKTeX 2.9\miktex\bin\;C:\Program Files (x86)\LyX 2.2\Perl\bin;C:\Program Files\PuTTY\;C:\Program Files (x86)\NVIDIA Corporation\PhysX\Common;C:\WINDOWS\system32;C:\WINDOWS;C:\WINDOWS\System32\Wbem;C:\WINDOWS\System32\WindowsPowerShell\v1.0\;C:\WINDOWS\System32\OpenSSH\;C:\Program Files\apache-maven-3.5.3\bin;";;C:\spring-tool-suite-3.8.3.RELEASE-e4.6.2-win32-x86_64\sts-bundle\sts-3.8.3.RELEASE;;.]
2018-06-21 01:24:45.283  INFO 2836 --- [localhost-startStop-1] o.a.c.c.C.[Tomcat].[localhost].[/]       : Initializing Spring embedded WebApplicationContext
2018-06-21 01:24:45.283  INFO 2836 --- [localhost-startStop-1] o.s.web.context.ContextLoader            : Root WebApplicationContext: initialization completed in 548 ms
2018-06-21 01:24:45.346  INFO 2836 --- [localhost-startStop-1] o.s.b.w.servlet.ServletRegistrationBean  : Servlet dispatcherServlet mapped to [/]
2018-06-21 01:24:45.393  INFO 2836 --- [main] o.s.b.a.e.web.EndpointLinksResolver      : Exposing 3 endpoint(s) beneath base path '/actuator'
2018-06-21 01:24:45.408  INFO 2836 --- [main] s.b.a.e.w.s.WebMvcEndpointHandlerMapping : Mapped "{[/actuator/health],methods=[GET],produces=[application/vnd.spring-boot.actuator.v2+json || application/json]}" onto public java.lang.Object org.springframework.boot.actuate.endpoint.web.servlet.AbstractWebMvcEndpointHandlerMapping$OperationHandler.handle(javax.servlet.http.HttpServletRequest,java.util.Map<java.lang.String, java.lang.String>)
2018-06-21 01:24:45.408  INFO 2836 --- [main] s.b.a.e.w.s.WebMvcEndpointHandlerMapping : Mapped "{[/actuator/logfile],methods=[GET],produces=[application/octet-stream]}" onto public java.lang.Object org.springframework.boot.actuate.endpoint.web.servlet.AbstractWebMvcEndpointHandlerMapping$OperationHandler.handle(javax.servlet.http.HttpServletRequest,java.util.Map<java.lang.String, java.lang.String>)
2018-06-21 01:24:45.424  INFO 2836 --- [main] s.b.a.e.w.s.WebMvcEndpointHandlerMapping : Mapped "{[/actuator/httptrace],methods=[GET],produces=[application/vnd.spring-boot.actuator.v2+json || application/json]}" onto public java.lang.Object org.springframework.boot.actuate.endpoint.web.servlet.AbstractWebMvcEndpointHandlerMapping$OperationHandler.handle(javax.servlet.http.HttpServletRequest,java.util.Map<java.lang.String, java.lang.String>)
2018-06-21 01:24:45.424  INFO 2836 --- [main] s.b.a.e.w.s.WebMvcEndpointHandlerMapping : Mapped "{[/actuator],methods=[GET],produces=[application/vnd.spring-boot.actuator.v2+json || application/json]}" onto protected java.util.Map<java.lang.String, java.util.Map<java.lang.String, org.springframework.boot.actuate.endpoint.web.Link>> org.springframework.boot.actuate.endpoint.web.servlet.WebMvcEndpointHandlerMapping.links(javax.servlet.http.HttpServletRequest,javax.servlet.http.HttpServletResponse)
2018-06-21 01:24:45.487  INFO 2836 --- [main] s.w.s.m.m.a.RequestMappingHandlerMapping : Mapped "{[/error]}" onto public java.util.Map<java.lang.String, java.lang.Object> org.springframework.boot.actuate.autoconfigure.web.servlet.ManagementErrorEndpoint.invoke(org.springframework.web.context.request.ServletWebRequest)
2018-06-21 01:24:45.487  INFO 2836 --- [main] o.s.w.s.handler.SimpleUrlHandlerMapping  : Mapped URL path [/webjars/**] onto handler of type [class org.springframework.web.servlet.resource.ResourceHttpRequestHandler]
2018-06-21 01:24:45.487  INFO 2836 --- [main] o.s.w.s.handler.SimpleUrlHandlerMapping  : Mapped URL path [/**] onto handler of type [class org.springframework.web.servlet.resource.ResourceHttpRequestHandler]
2018-06-21 01:24:45.518  INFO 2836 --- [main] s.w.s.m.m.a.RequestMappingHandlerAdapter : Looking for @ControllerAdvice: org.springframework.boot.web.servlet.context.AnnotationConfigServletWebServerApplicationContext@387bf2d9: startup date [Thu Jun 21 01:24:44 CEST 2018]; parent: org.springframework.web.context.support.GenericWebApplicationContext@563f38c4
2018-06-21 01:24:45.596  INFO 2836 --- [main] o.s.b.w.embedded.tomcat.TomcatWebServer  : Tomcat started on port(s): 9577 (http) with context path ''
2018-06-21 01:24:45.612  INFO 2836 --- [main] c.p.a.PushdownGeneratorApplicationTests  : Started PushdownGeneratorApplicationTests in 5.871 seconds (JVM running for 6.912)
2018-06-21 01:24:45.893  INFO 2836 --- [main] c.p.a.controller.ProcesadorPalabras      : La palabra: vacia esta aceptada por el automata: 0
2018-06-21 01:24:45.904  INFO 2836 --- [main] c.p.a.controller.ProcesadorPalabras      : La palabra: ba esta aceptada por el automata: 0
2018-06-21 01:24:45.904  INFO 2836 --- [main] c.p.a.controller.ProcesadorPalabras      : La palabra: bbab esta aceptada por el automata: 0
2018-06-21 01:24:45.906  INFO 2836 --- [main] c.p.a.controller.ProcesadorPalabras      : La palabra: bba esta generando un bucle infinito: AutomataPila [id: 0, alfabetoLenguaje=[a, b], alfabetoPila=[A, B, S], estadosPila=[p, q, r], inicialPila=S, estadoInicial=p, transiciones={(q,b,B)=[(r, [@])], (r,b,B)=[(r, [@])], (p,b,S)=[(p, [S, B])], (p,a,B)=[(q, [@])], (r,@,S)=[(r, [@])], (p,b,B)=[(p, [B, B]), (r, [@])], (q,a,B)=[(q, [@])], (p,@,S)=[(p, [@])], (q,@,S)=[(q, [@])]}, estadosFinales=[]]
2018-06-21 01:24:45.906  INFO 2836 --- [main] c.p.a.controller.ProcesadorPalabras      : La palabra: bba NO esta aceptada por el automata: 0
2018-06-21 01:24:45.906  INFO 2836 --- [main] c.p.a.controller.ProcesadorPalabras      : La palabra: bbaa esta aceptada por el automata: 0
2018-06-21 01:24:45.906  INFO 2836 --- [main] c.p.a.controller.ProcesadorPalabras      : La palabra: bbaabb esta generando un bucle infinito: AutomataPila [id: 0, alfabetoLenguaje=[a, b], alfabetoPila=[A, B, S], estadosPila=[p, q, r], inicialPila=S, estadoInicial=p, transiciones={(q,b,B)=[(r, [@])], (r,b,B)=[(r, [@])], (p,b,S)=[(p, [S, B])], (p,a,B)=[(q, [@])], (r,@,S)=[(r, [@])], (p,b,B)=[(p, [B, B]), (r, [@])], (q,a,B)=[(q, [@])], (p,@,S)=[(p, [@])], (q,@,S)=[(q, [@])]}, estadosFinales=[]]
2018-06-21 01:24:45.906  INFO 2836 --- [main] c.p.a.controller.ProcesadorPalabras      : La palabra: bbaabb NO esta aceptada por el automata: 0
2018-06-21 01:24:45.922  INFO 2836 --- [main] c.p.a.controller.ProcesadorPalabras      : La palabra: bbbaab esta aceptada por el automata: 0
2018-06-21 01:24:45.922  INFO 2836 --- [main] c.p.a.controller.ProcesadorPalabras      : La palabra: bbbbbb esta aceptada por el automata: 0
2018-06-21 01:24:45.922  INFO 2836 --- [main] c.p.a.controller.ProcesadorPalabras      : La palabra: a NO esta aceptada por el automata: 0
2018-06-21 01:24:45.922  INFO 2836 --- [main] c.p.a.controller.ProcesadorPalabras      : La palabra: aa NO esta aceptada por el automata: 0
2018-06-21 01:24:45.922  INFO 2836 --- [main] c.p.a.controller.ProcesadorPalabras      : La palabra: bbabb esta generando un bucle infinito: AutomataPila [id: 0, alfabetoLenguaje=[a, b], alfabetoPila=[A, B, S], estadosPila=[p, q, r], inicialPila=S, estadoInicial=p, transiciones={(q,b,B)=[(r, [@])], (r,b,B)=[(r, [@])], (p,b,S)=[(p, [S, B])], (p,a,B)=[(q, [@])], (r,@,S)=[(r, [@])], (p,b,B)=[(p, [B, B]), (r, [@])], (q,a,B)=[(q, [@])], (p,@,S)=[(p, [@])], (q,@,S)=[(q, [@])]}, estadosFinales=[]]
2018-06-21 01:24:45.922  INFO 2836 --- [main] c.p.a.controller.ProcesadorPalabras      : La palabra: bbabb NO esta aceptada por el automata: 0
2018-06-21 01:24:45.922  INFO 2836 --- [main] c.p.a.controller.ProcesadorPalabras      : La palabra: bbbbbbabbbbb esta aceptada por el automata: 0
2018-06-21 01:24:45.922  INFO 2836 --- [main] c.p.a.controller.ProcesadorPalabras      : La palabra: bbbbbbaabbbb esta aceptada por el automata: 0
2018-06-21 01:24:45.922  INFO 2836 --- [main] c.p.a.controller.ProcesadorPalabras      : La palabra: bbbbbaaabb esta aceptada por el automata: 0
2018-06-21 01:24:45.937  INFO 2836 --- [main] c.p.a.controller.ProcesadorPalabras      : La palabra: bbbbaaabb esta generando un bucle infinito: AutomataPila [id: 0, alfabetoLenguaje=[a, b], alfabetoPila=[A, B, S], estadosPila=[p, q, r], inicialPila=S, estadoInicial=p, transiciones={(q,b,B)=[(r, [@])], (r,b,B)=[(r, [@])], (p,b,S)=[(p, [S, B])], (p,a,B)=[(q, [@])], (r,@,S)=[(r, [@])], (p,b,B)=[(p, [B, B]), (r, [@])], (q,a,B)=[(q, [@])], (p,@,S)=[(p, [@])], (q,@,S)=[(q, [@])]}, estadosFinales=[]]
2018-06-21 01:24:45.937  INFO 2836 --- [main] c.p.a.controller.ProcesadorPalabras      : La palabra: bbbbaaabb NO esta aceptada por el automata: 0
2018-06-21 01:24:45.937  INFO 2836 --- [main] c.p.a.controller.ProcesadorPalabras      : La palabra: bbbbaaab esta aceptada por el automata: 0
2018-06-21 01:24:45.937  INFO 2836 --- [main] c.p.a.controller.ProcesadorPalabras      : La palabra: bbbbaaaa esta aceptada por el automata: 0
2018-06-21 01:24:45.937  INFO 2836 --- [main] c.p.a.controller.ProcesadorPalabras      : La palabra: bbbbaaaa esta aceptada por el automata: 0
2018-06-21 01:24:45.937  INFO 2836 --- [main] c.p.a.controller.ProcesadorPalabras      : La palabra: bbbaaaa esta generando un bucle infinito: AutomataPila [id: 0, alfabetoLenguaje=[a, b], alfabetoPila=[A, B, S], estadosPila=[p, q, r], inicialPila=S, estadoInicial=p, transiciones={(q,b,B)=[(r, [@])], (r,b,B)=[(r, [@])], (p,b,S)=[(p, [S, B])], (p,a,B)=[(q, [@])], (r,@,S)=[(r, [@])], (p,b,B)=[(p, [B, B]), (r, [@])], (q,a,B)=[(q, [@])], (p,@,S)=[(p, [@])], (q,@,S)=[(q, [@])]}, estadosFinales=[]]
2018-06-21 01:24:45.937  INFO 2836 --- [main] c.p.a.controller.ProcesadorPalabras      : La palabra: bbbaaaa NO esta aceptada por el automata: 0
2018-06-21 01:24:45.937  INFO 2836 --- [main] c.p.a.controller.ProcesadorPalabras      : La palabra: vacia esta aceptada por el automata: 0
2018-06-21 01:24:45.953  INFO 2836 --- [main] c.p.a.controller.ProcesadorPalabras      : La palabra: aaaaaa esta aceptada por el automata: 0
2018-06-21 01:24:45.953  INFO 2836 --- [main] c.p.a.controller.ProcesadorPalabras      : La palabra: a esta aceptada por el automata: 0
2018-06-21 01:24:45.953  INFO 2836 --- [main] c.p.a.controller.ProcesadorPalabras      : La palabra: 10b esta aceptada por el automata: 0
2018-06-21 01:24:45.953  INFO 2836 --- [main] c.p.a.controller.ProcesadorPalabras      : La palabra: 1010bb esta aceptada por el automata: 0
2018-06-21 01:24:45.953  INFO 2836 --- [main] c.p.a.controller.ProcesadorPalabras      : La palabra: 1010b NO esta aceptada por el automata: 0
2018-06-21 01:24:45.953  INFO 2836 --- [main] c.p.a.controller.ProcesadorPalabras      : La palabra: 1010bbb NO esta aceptada por el automata: 0
2018-06-21 01:24:45.953  INFO 2836 --- [main] c.p.a.controller.ProcesadorPalabras      : La palabra: 1010baaa NO esta aceptada por el automata: 0
2018-06-21 01:24:45.953  INFO 2836 --- [main] c.p.a.controller.ProcesadorPalabras      : La palabra: 1010bbaaaa esta aceptada por el automata: 0
2018-06-21 01:24:45.953  INFO 2836 --- [main] c.p.a.controller.ProcesadorPalabras      : La palabra: 1010baaaba esta aceptada por el automata: 0
2018-06-21 01:24:45.953  INFO 2836 --- [main] c.p.a.controller.ProcesadorPalabras      : La palabra: 1010baaaab esta aceptada por el automata: 0
2018-06-21 01:24:45.953  INFO 2836 --- [main] c.p.a.controller.ProcesadorPalabras      : La palabra: 1010baaaabb NO esta aceptada por el automata: 0
2018-06-21 01:24:45.953  INFO 2836 --- [main] c.p.a.controller.ProcesadorPalabras      : La palabra: 10a10baaaabb NO esta aceptada por el automata: 0
2018-06-21 01:24:45.953  INFO 2836 --- [main] c.p.a.controller.ProcesadorPalabras      : La palabra: 10b10baaaabb NO esta aceptada por el automata: 0
2018-06-21 01:24:45.969  INFO 2836 --- [main] c.p.a.controller.ProcesadorPalabras      : La palabra: vacia esta aceptada por el automata: 0
2018-06-21 01:24:45.969  INFO 2836 --- [main] c.p.a.controller.ProcesadorPalabras      : La palabra: a esta aceptada por el automata: 0
2018-06-21 01:24:45.969  INFO 2836 --- [main] c.p.a.controller.ProcesadorPalabras      : La palabra: ab esta aceptada por el automata: 0
2018-06-21 01:24:45.969  INFO 2836 --- [main] c.p.a.controller.ProcesadorPalabras      : La palabra: aab NO esta aceptada por el automata: 0
2018-06-21 01:24:45.969  INFO 2836 --- [main] c.p.a.controller.ProcesadorPalabras      : La palabra: aabb esta aceptada por el automata: 0
2018-06-21 01:24:45.969  INFO 2836 --- [main] c.p.a.controller.ProcesadorPalabras      : La palabra: aaabbb esta aceptada por el automata: 0
2018-06-21 01:24:45.969  INFO 2836 --- [main] c.p.a.controller.ProcesadorPalabras      : La palabra: abb NO esta aceptada por el automata: 0
2018-06-21 01:24:45.969  INFO 2836 --- [main] c.p.a.controller.ProcesadorPalabras      : La palabra: aa NO esta aceptada por el automata: 0
2018-06-21 01:24:45.969  INFO 2836 --- [main] c.p.a.controller.ProcesadorPalabras      : La palabra: aaaaaaa NO esta aceptada por el automata: 0
2018-06-21 01:24:45.969  INFO 2836 --- [main] c.p.a.controller.ProcesadorPalabras      : La palabra: vacia esta aceptada por el automata: 0
2018-06-21 01:24:45.969  INFO 2836 --- [main] c.p.a.controller.ProcesadorPalabras      : La palabra: ba esta aceptada por el automata: 0
2018-06-21 01:24:45.969  INFO 2836 --- [main] c.p.a.controller.ProcesadorPalabras      : La palabra: bbab esta aceptada por el automata: 0
2018-06-21 01:24:45.969  INFO 2836 --- [main] c.p.a.controller.ProcesadorPalabras      : La palabra: bbaa esta aceptada por el automata: 0
2018-06-21 01:24:45.969  INFO 2836 --- [main] c.p.a.controller.ProcesadorPalabras      : La palabra: bbbaab esta aceptada por el automata: 0
2018-06-21 01:24:45.969  INFO 2836 --- [main] c.p.a.controller.ProcesadorPalabras      : La palabra: bbbbbb esta aceptada por el automata: 0
2018-06-21 01:24:45.969  INFO 2836 --- [main] c.p.a.controller.ProcesadorPalabras      : La palabra: a NO esta aceptada por el automata: 0
2018-06-21 01:24:45.969  INFO 2836 --- [main] c.p.a.controller.ProcesadorPalabras      : La palabra: aa NO esta aceptada por el automata: 0
2018-06-21 01:24:45.969  INFO 2836 --- [main] c.p.a.controller.ProcesadorPalabras      : La palabra: vacia esta aceptada por el automata: 0
2018-06-21 01:24:45.969  INFO 2836 --- [main] c.p.a.controller.ProcesadorPalabras      : La palabra: d esta aceptada por el automata: 0
2018-06-21 01:24:45.969  INFO 2836 --- [main] c.p.a.controller.ProcesadorPalabras      : La palabra: ddddd esta aceptada por el automata: 0
2018-06-21 01:24:45.969  INFO 2836 --- [main] c.p.a.controller.ProcesadorPalabras      : La palabra: ddddcba esta aceptada por el automata: 0
2018-06-21 01:24:45.969  INFO 2836 --- [main] c.p.a.controller.ProcesadorPalabras      : La palabra: cdba esta aceptada por el automata: 0
2018-06-21 01:24:45.969  INFO 2836 --- [main] c.p.a.controller.ProcesadorPalabras      : La palabra: cccbababa esta aceptada por el automata: 0
2018-06-21 01:24:45.969  INFO 2836 --- [main] c.p.a.controller.ProcesadorPalabras      : La palabra: ccba NO esta aceptada por el automata: 0
2018-06-21 01:24:45.969  INFO 2836 --- [main] c.p.a.controller.ProcesadorPalabras      : La palabra: ccbaba esta aceptada por el automata: 0
2018-06-21 01:24:45.984  INFO 2836 --- [main] c.p.a.controller.ProcesadorPalabras      : La palabra: cccbababa esta aceptada por el automata: 0
2018-06-21 01:24:45.984  INFO 2836 --- [main] c.p.a.controller.ProcesadorPalabras      : La palabra: cbad NO esta aceptada por el automata: 0
2018-06-21 01:24:46.016  INFO 2836 --- [Thread-5] o.s.w.c.s.GenericWebApplicationContext   : Closing org.springframework.web.context.support.GenericWebApplicationContext@563f38c4: startup date [Thu Jun 21 01:24:40 CEST 2018]; root of context hierarchy
2018-06-21 01:24:46.016  INFO 2836 --- [Thread-5] ConfigServletWebServerApplicationContext : Closing org.springframework.boot.web.servlet.context.AnnotationConfigServletWebServerApplicationContext@387bf2d9: startup date [Thu Jun 21 01:24:44 CEST 2018]; parent: org.springframework.web.context.support.GenericWebApplicationContext@563f38c4
