2018-05-29 23:49:17.161  INFO 3260 --- [main] main.App                                 : Starting App on Borja with PID 3260 (C:\Users\Borjarg95\git\pushdown-generator\target\classes started by Borjarg95 in C:\Users\Borjarg95\git\pushdown-generator)
2018-05-29 23:49:17.161  INFO 3260 --- [main] main.App                                 : No active profile set, falling back to default profiles: default
2018-05-29 23:49:17.239  INFO 3260 --- [main] ationConfigEmbeddedWebApplicationContext : Refreshing org.springframework.boot.context.embedded.AnnotationConfigEmbeddedWebApplicationContext@766653e6: startup date [Tue May 29 23:49:17 CEST 2018]; root of context hierarchy
2018-05-29 23:49:19.052  INFO 3260 --- [main] s.b.c.e.t.TomcatEmbeddedServletContainer : Tomcat initialized with port(s): 7795 (http)
2018-05-29 23:49:19.079  INFO 3260 --- [main] o.apache.catalina.core.StandardService   : Starting service Tomcat
2018-05-29 23:49:19.079  INFO 3260 --- [main] org.apache.catalina.core.StandardEngine  : Starting Servlet Engine: Apache Tomcat/8.5.14
2018-05-29 23:49:19.360  INFO 3260 --- [localhost-startStop-1] o.a.c.c.C.[Tomcat].[localhost].[/]       : Initializing Spring embedded WebApplicationContext
2018-05-29 23:49:19.360  INFO 3260 --- [localhost-startStop-1] o.s.web.context.ContextLoader            : Root WebApplicationContext: initialization completed in 2136 ms
2018-05-29 23:49:19.610  INFO 3260 --- [localhost-startStop-1] o.s.b.w.servlet.ServletRegistrationBean  : Mapping servlet: 'dispatcherServlet' to [/]
2018-05-29 23:49:19.610  INFO 3260 --- [localhost-startStop-1] o.s.b.w.servlet.FilterRegistrationBean   : Mapping filter: 'characterEncodingFilter' to: [/*]
2018-05-29 23:49:19.610  INFO 3260 --- [localhost-startStop-1] o.s.b.w.servlet.FilterRegistrationBean   : Mapping filter: 'hiddenHttpMethodFilter' to: [/*]
2018-05-29 23:49:19.610  INFO 3260 --- [localhost-startStop-1] o.s.b.w.servlet.FilterRegistrationBean   : Mapping filter: 'httpPutFormContentFilter' to: [/*]
2018-05-29 23:49:19.610  INFO 3260 --- [localhost-startStop-1] o.s.b.w.servlet.FilterRegistrationBean   : Mapping filter: 'requestContextFilter' to: [/*]
2018-05-29 23:49:20.142  INFO 3260 --- [main] s.w.s.m.m.a.RequestMappingHandlerAdapter : Looking for @ControllerAdvice: org.springframework.boot.context.embedded.AnnotationConfigEmbeddedWebApplicationContext@766653e6: startup date [Tue May 29 23:49:17 CEST 2018]; root of context hierarchy
2018-05-29 23:49:20.280  INFO 3260 --- [main] s.w.s.m.m.a.RequestMappingHandlerMapping : Mapped "{[/Generate],methods=[POST]}" onto public org.springframework.http.ResponseEntity<?> main.AutomataController.generaAutomata(java.lang.String) throws java.io.IOException
2018-05-29 23:49:20.280  INFO 3260 --- [main] s.w.s.m.m.a.RequestMappingHandlerMapping : Mapped "{[/CheckWord/{index}/{palabra}],methods=[GET],produces=[application/json]}" onto public org.springframework.http.ResponseEntity<?> main.AutomataController.validaPalabra(java.lang.String,java.lang.String) throws java.lang.Exception
2018-05-29 23:49:20.280  INFO 3260 --- [main] s.w.s.m.m.a.RequestMappingHandlerMapping : Mapped "{[/AdvancedGenerate],methods=[POST]}" onto public AP.AutomataPila main.AutomataController.generaConDefinicion(java.lang.String,java.util.List<java.lang.String>) throws java.io.IOException
2018-05-29 23:49:20.280  INFO 3260 --- [main] s.w.s.m.m.a.RequestMappingHandlerMapping : Mapped "{[/error]}" onto public org.springframework.http.ResponseEntity<java.util.Map<java.lang.String, java.lang.Object>> org.springframework.boot.autoconfigure.web.BasicErrorController.error(javax.servlet.http.HttpServletRequest)
2018-05-29 23:49:20.280  INFO 3260 --- [main] s.w.s.m.m.a.RequestMappingHandlerMapping : Mapped "{[/error],produces=[text/html]}" onto public org.springframework.web.servlet.ModelAndView org.springframework.boot.autoconfigure.web.BasicErrorController.errorHtml(javax.servlet.http.HttpServletRequest,javax.servlet.http.HttpServletResponse)
2018-05-29 23:49:20.343  INFO 3260 --- [main] o.s.w.s.handler.SimpleUrlHandlerMapping  : Mapped URL path [/webjars/**] onto handler of type [class org.springframework.web.servlet.resource.ResourceHttpRequestHandler]
2018-05-29 23:49:20.343  INFO 3260 --- [main] o.s.w.s.handler.SimpleUrlHandlerMapping  : Mapped URL path [/**] onto handler of type [class org.springframework.web.servlet.resource.ResourceHttpRequestHandler]
2018-05-29 23:49:20.421  INFO 3260 --- [main] o.s.w.s.handler.SimpleUrlHandlerMapping  : Mapped URL path [/**/favicon.ico] onto handler of type [class org.springframework.web.servlet.resource.ResourceHttpRequestHandler]
2018-05-29 23:49:20.499  INFO 3260 --- [main] oConfiguration$WelcomePageHandlerMapping : Adding welcome page: class path resource [static/index.html]
2018-05-29 23:49:20.921  INFO 3260 --- [main] o.s.j.e.a.AnnotationMBeanExporter        : Registering beans for JMX exposure on startup
2018-05-29 23:49:21.046  INFO 3260 --- [main] s.b.c.e.t.TomcatEmbeddedServletContainer : Tomcat started on port(s): 7795 (http)
2018-05-29 23:49:21.062  INFO 3260 --- [main] main.App                                 : Started App in 4.425 seconds (JVM running for 5.127)
2018-05-29 23:49:25.952  INFO 3260 --- [http-nio-7795-exec-1] o.a.c.c.C.[Tomcat].[localhost].[/]       : Initializing Spring FrameworkServlet 'dispatcherServlet'
2018-05-29 23:49:25.967  INFO 3260 --- [http-nio-7795-exec-1] o.s.web.servlet.DispatcherServlet        : FrameworkServlet 'dispatcherServlet': initialization started
2018-05-29 23:49:25.985  INFO 3260 --- [http-nio-7795-exec-1] o.s.web.servlet.DispatcherServlet        : FrameworkServlet 'dispatcherServlet': initialization completed in 18 ms
2018-05-29 23:49:26.047  INFO 3260 --- [http-nio-7795-exec-1] main.AutomataController                  : Automata: 1: {a,b};{S,A,B};{p,q,r};p;S;
f(p,b,S)=(p,BS)
f(p,b,B)=(p,BB)
f(p, ,S)=(p, )
f(p,b,B)=(r, )
f(p,a,B)=(q, )
f(q,a,B)=(q, )
f(q, ,S)=(q, )
f(q,b,B)=(r, )
f(r,b,B)=(r, )
f(r, ,S)=(r, )
2018-05-29 23:49:26.047  INFO 3260 --- [http-nio-7795-exec-2] main.AutomataController                  : Automata: 2: {a,b};{S,A,B};{p,q,r};p;S;
f(p,b,S)=(p,BS)
f(p,b,B)=(p,BB)
f(p, ,S)=(p, )
f(p,b,B)=(r, )
f(p,a,B)=(q, )
f(q,a,B)=(q, )
f(q, ,S)=(q, )
f(q,b,B)=(r, )
f(r,b,B)=(r, )
f(r, ,S)=(r, )
2018-05-29 23:49:26.235  INFO 3260 --- [http-nio-7795-exec-3] main.AutomataController                  : Automata: 3: {a,b};{S,A,B};{p,q,r};p;S;
f(p,b,S)=(p,BS)
f(p,b,B)=(p,BB)
f(p, ,S)=(p, )
f(p,b,B)=(r, )
f(p,a,B)=(q, )
f(q,a,B)=(q, )
f(q, ,S)=(q, )
f(q,b,B)=(r, )
f(r,b,B)=(r, )
f(r, ,S)=(r, )
2018-05-29 23:49:26.391  INFO 3260 --- [http-nio-7795-exec-4] main.AutomataController                  : Automata: 4: {a,b};{S,A,B};{p,q,r};p;S;
f(p,b,S)=(p,BS)
f(p,b,B)=(p,BB)
f(p, ,S)=(p, )
f(p,b,B)=(r, )
f(p,a,B)=(q, )
f(q,a,B)=(q, )
f(q, ,S)=(q, )
f(q,b,B)=(r, )
f(r,b,B)=(r, )
f(r, ,S)=(r, )
2018-05-29 23:49:26.532  INFO 3260 --- [http-nio-7795-exec-5] main.AutomataController                  : Automata: 5: {a,b};{S,A,B};{p,q,r};p;S;
f(p,b,S)=(p,BS)
f(p,b,B)=(p,BB)
f(p, ,S)=(p, )
f(p,b,B)=(r, )
f(p,a,B)=(q, )
f(q,a,B)=(q, )
f(q, ,S)=(q, )
f(q,b,B)=(r, )
f(r,b,B)=(r, )
f(r, ,S)=(r, )
2018-05-29 23:49:26.704  INFO 3260 --- [http-nio-7795-exec-6] main.AutomataController                  : Automata: 6: {a,b};{S,A,B};{p,q,r};p;S;
f(p,b,S)=(p,BS)
f(p,b,B)=(p,BB)
f(p, ,S)=(p, )
f(p,b,B)=(r, )
f(p,a,B)=(q, )
f(q,a,B)=(q, )
f(q, ,S)=(q, )
f(q,b,B)=(r, )
f(r,b,B)=(r, )
f(r, ,S)=(r, )
2018-05-29 23:49:26.875  INFO 3260 --- [http-nio-7795-exec-7] main.AutomataController                  : Automata: 7: {a,b};{S,A,B};{p,q,r};p;S;
f(p,b,S)=(p,BS)
f(p,b,B)=(p,BB)
f(p, ,S)=(p, )
f(p,b,B)=(r, )
f(p,a,B)=(q, )
f(q,a,B)=(q, )
f(q, ,S)=(q, )
f(q,b,B)=(r, )
f(r,b,B)=(r, )
f(r, ,S)=(r, )
2018-05-29 23:49:27.032  INFO 3260 --- [http-nio-7795-exec-8] main.AutomataController                  : Automata: 8: {a,b};{S,A,B};{p,q,r};p;S;
f(p,b,S)=(p,BS)
f(p,b,B)=(p,BB)
f(p, ,S)=(p, )
f(p,b,B)=(r, )
f(p,a,B)=(q, )
f(q,a,B)=(q, )
f(q, ,S)=(q, )
f(q,b,B)=(r, )
f(r,b,B)=(r, )
f(r, ,S)=(r, )
2018-05-29 23:49:27.221  INFO 3260 --- [http-nio-7795-exec-9] main.AutomataController                  : Automata: 9: {a,b};{S,A,B};{p,q,r};p;S;
f(p,b,S)=(p,BS)
f(p,b,B)=(p,BB)
f(p, ,S)=(p, )
f(p,b,B)=(r, )
f(p,a,B)=(q, )
f(q,a,B)=(q, )
f(q, ,S)=(q, )
f(q,b,B)=(r, )
f(r,b,B)=(r, )
f(r, ,S)=(r, )
2018-05-29 23:49:27.393  INFO 3260 --- [http-nio-7795-exec-10] main.AutomataController                  : Automata: 10: {a,b};{S,A,B};{p,q,r};p;S;
f(p,b,S)=(p,BS)
f(p,b,B)=(p,BB)
f(p, ,S)=(p, )
f(p,b,B)=(r, )
f(p,a,B)=(q, )
f(q,a,B)=(q, )
f(q, ,S)=(q, )
f(q,b,B)=(r, )
f(r,b,B)=(r, )
f(r, ,S)=(r, )
2018-05-29 23:49:27.581  INFO 3260 --- [http-nio-7795-exec-2] main.AutomataController                  : Automata: 11: {a,b};{S,A,B};{p,q,r};p;S;
f(p,b,S)=(p,BS)
f(p,b,B)=(p,BB)
f(p, ,S)=(p, )
f(p,b,B)=(r, )
f(p,a,B)=(q, )
f(q,a,B)=(q, )
f(q, ,S)=(q, )
f(q,b,B)=(r, )
f(r,b,B)=(r, )
f(r, ,S)=(r, )
2018-05-29 23:49:27.752  INFO 3260 --- [http-nio-7795-exec-1] main.AutomataController                  : Automata: 12: {a,b};{S,A,B};{p,q,r};p;S;
f(p,b,S)=(p,BS)
f(p,b,B)=(p,BB)
f(p, ,S)=(p, )
f(p,b,B)=(r, )
f(p,a,B)=(q, )
f(q,a,B)=(q, )
f(q, ,S)=(q, )
f(q,b,B)=(r, )
f(r,b,B)=(r, )
f(r, ,S)=(r, )
2018-05-29 23:49:27.940  INFO 3260 --- [http-nio-7795-exec-3] main.AutomataController                  : Automata: 13: {a,b};{S,A,B};{p,q,r};p;S;
f(p,b,S)=(p,BS)
f(p,b,B)=(p,BB)
f(p, ,S)=(p, )
f(p,b,B)=(r, )
f(p,a,B)=(q, )
f(q,a,B)=(q, )
f(q, ,S)=(q, )
f(q,b,B)=(r, )
f(r,b,B)=(r, )
f(r, ,S)=(r, )
2018-05-29 23:49:28.096  INFO 3260 --- [http-nio-7795-exec-4] main.AutomataController                  : Automata: 14: {a,b};{S,A,B};{p,q,r};p;S;
f(p,b,S)=(p,BS)
f(p,b,B)=(p,BB)
f(p, ,S)=(p, )
f(p,b,B)=(r, )
f(p,a,B)=(q, )
f(q,a,B)=(q, )
f(q, ,S)=(q, )
f(q,b,B)=(r, )
f(r,b,B)=(r, )
f(r, ,S)=(r, )
2018-05-29 23:49:28.281  INFO 3260 --- [http-nio-7795-exec-5] main.AutomataController                  : Automata: 15: {a,b};{S,A,B};{p,q,r};p;S;
f(p,b,S)=(p,BS)
f(p,b,B)=(p,BB)
f(p, ,S)=(p, )
f(p,b,B)=(r, )
f(p,a,B)=(q, )
f(q,a,B)=(q, )
f(q, ,S)=(q, )
f(q,b,B)=(r, )
f(r,b,B)=(r, )
f(r, ,S)=(r, )
2018-05-29 23:49:28.438  INFO 3260 --- [http-nio-7795-exec-6] main.AutomataController                  : Automata: 16: {a,b};{S,A,B};{p,q,r};p;S;
f(p,b,S)=(p,BS)
f(p,b,B)=(p,BB)
f(p, ,S)=(p, )
f(p,b,B)=(r, )
f(p,a,B)=(q, )
f(q,a,B)=(q, )
f(q, ,S)=(q, )
f(q,b,B)=(r, )
f(r,b,B)=(r, )
f(r, ,S)=(r, )
2018-05-29 23:49:28.610  INFO 3260 --- [http-nio-7795-exec-7] main.AutomataController                  : Automata: 17: {a,b};{S,A,B};{p,q,r};p;S;
f(p,b,S)=(p,BS)
f(p,b,B)=(p,BB)
f(p, ,S)=(p, )
f(p,b,B)=(r, )
f(p,a,B)=(q, )
f(q,a,B)=(q, )
f(q, ,S)=(q, )
f(q,b,B)=(r, )
f(r,b,B)=(r, )
f(r, ,S)=(r, )
2018-05-29 23:49:28.781  INFO 3260 --- [http-nio-7795-exec-8] main.AutomataController                  : Automata: 18: {a,b};{S,A,B};{p,q,r};p;S;
f(p,b,S)=(p,BS)
f(p,b,B)=(p,BB)
f(p, ,S)=(p, )
f(p,b,B)=(r, )
f(p,a,B)=(q, )
f(q,a,B)=(q, )
f(q, ,S)=(q, )
f(q,b,B)=(r, )
f(r,b,B)=(r, )
f(r, ,S)=(r, )
2018-05-29 23:49:28.906  INFO 3260 --- [http-nio-7795-exec-9] main.AutomataController                  : Automata: 19: {a,b};{S,A,B};{p,q,r};p;S;
f(p,b,S)=(p,BS)
f(p,b,B)=(p,BB)
f(p, ,S)=(p, )
f(p,b,B)=(r, )
f(p,a,B)=(q, )
f(q,a,B)=(q, )
f(q, ,S)=(q, )
f(q,b,B)=(r, )
f(r,b,B)=(r, )
f(r, ,S)=(r, )
2018-06-02 16:49:02.743  INFO 5508 --- [main] main.App                                 : Starting App on Borja with PID 5508 (C:\Users\Borjarg95\git\pushdown-generator\target\classes started by Borjarg95 in C:\Users\Borjarg95\git\pushdown-generator)
2018-06-02 16:49:02.774  INFO 5508 --- [main] main.App                                 : No active profile set, falling back to default profiles: default
2018-06-02 16:49:02.858  INFO 5508 --- [main] ationConfigEmbeddedWebApplicationContext : Refreshing org.springframework.boot.context.embedded.AnnotationConfigEmbeddedWebApplicationContext@f2f2cc1: startup date [Sat Jun 02 16:49:02 CEST 2018]; root of context hierarchy
2018-06-02 16:49:04.500  INFO 5508 --- [main] s.b.c.e.t.TomcatEmbeddedServletContainer : Tomcat initialized with port(s): 7795 (http)
2018-06-02 16:49:04.505  INFO 5508 --- [main] o.apache.catalina.core.StandardService   : Starting service Tomcat
2018-06-02 16:49:04.520  INFO 5508 --- [main] org.apache.catalina.core.StandardEngine  : Starting Servlet Engine: Apache Tomcat/8.5.14
2018-06-02 16:49:04.732  INFO 5508 --- [localhost-startStop-1] o.a.c.c.C.[Tomcat].[localhost].[/]       : Initializing Spring embedded WebApplicationContext
2018-06-02 16:49:04.732  INFO 5508 --- [localhost-startStop-1] o.s.web.context.ContextLoader            : Root WebApplicationContext: initialization completed in 1874 ms
2018-06-02 16:49:04.937  INFO 5508 --- [localhost-startStop-1] o.s.b.w.servlet.ServletRegistrationBean  : Mapping servlet: 'dispatcherServlet' to [/]
2018-06-02 16:49:04.947  INFO 5508 --- [localhost-startStop-1] o.s.b.w.servlet.FilterRegistrationBean   : Mapping filter: 'characterEncodingFilter' to: [/*]
2018-06-02 16:49:04.947  INFO 5508 --- [localhost-startStop-1] o.s.b.w.servlet.FilterRegistrationBean   : Mapping filter: 'hiddenHttpMethodFilter' to: [/*]
2018-06-02 16:49:04.947  INFO 5508 --- [localhost-startStop-1] o.s.b.w.servlet.FilterRegistrationBean   : Mapping filter: 'httpPutFormContentFilter' to: [/*]
2018-06-02 16:49:04.947  INFO 5508 --- [localhost-startStop-1] o.s.b.w.servlet.FilterRegistrationBean   : Mapping filter: 'requestContextFilter' to: [/*]
2018-06-02 16:49:05.377  INFO 5508 --- [main] s.w.s.m.m.a.RequestMappingHandlerAdapter : Looking for @ControllerAdvice: org.springframework.boot.context.embedded.AnnotationConfigEmbeddedWebApplicationContext@f2f2cc1: startup date [Sat Jun 02 16:49:02 CEST 2018]; root of context hierarchy
2018-06-02 16:49:05.480  INFO 5508 --- [main] s.w.s.m.m.a.RequestMappingHandlerMapping : Mapped "{[/AdvancedGenerate],methods=[POST]}" onto public AP.AutomataPila main.AutomataController.generaConDefinicion(java.lang.String,java.util.List<java.lang.String>) throws java.io.IOException
2018-06-02 16:49:05.488  INFO 5508 --- [main] s.w.s.m.m.a.RequestMappingHandlerMapping : Mapped "{[/CheckWord/{index}/{palabra}],methods=[GET],produces=[application/json]}" onto public org.springframework.http.ResponseEntity<?> main.AutomataController.validaPalabra(java.lang.String,java.lang.String) throws java.lang.Exception
2018-06-02 16:49:05.488  INFO 5508 --- [main] s.w.s.m.m.a.RequestMappingHandlerMapping : Mapped "{[/Generate],methods=[POST]}" onto public org.springframework.http.ResponseEntity<?> main.AutomataController.generaAutomata(java.lang.String) throws java.io.IOException
2018-06-02 16:49:05.490  INFO 5508 --- [main] s.w.s.m.m.a.RequestMappingHandlerMapping : Mapped "{[/error]}" onto public org.springframework.http.ResponseEntity<java.util.Map<java.lang.String, java.lang.Object>> org.springframework.boot.autoconfigure.web.BasicErrorController.error(javax.servlet.http.HttpServletRequest)
2018-06-02 16:49:05.490  INFO 5508 --- [main] s.w.s.m.m.a.RequestMappingHandlerMapping : Mapped "{[/error],produces=[text/html]}" onto public org.springframework.web.servlet.ModelAndView org.springframework.boot.autoconfigure.web.BasicErrorController.errorHtml(javax.servlet.http.HttpServletRequest,javax.servlet.http.HttpServletResponse)
2018-06-02 16:49:05.570  INFO 5508 --- [main] o.s.w.s.handler.SimpleUrlHandlerMapping  : Mapped URL path [/webjars/**] onto handler of type [class org.springframework.web.servlet.resource.ResourceHttpRequestHandler]
2018-06-02 16:49:05.577  INFO 5508 --- [main] o.s.w.s.handler.SimpleUrlHandlerMapping  : Mapped URL path [/**] onto handler of type [class org.springframework.web.servlet.resource.ResourceHttpRequestHandler]
2018-06-02 16:49:05.661  INFO 5508 --- [main] o.s.w.s.handler.SimpleUrlHandlerMapping  : Mapped URL path [/**/favicon.ico] onto handler of type [class org.springframework.web.servlet.resource.ResourceHttpRequestHandler]
2018-06-02 16:49:05.701  INFO 5508 --- [main] oConfiguration$WelcomePageHandlerMapping : Adding welcome page: class path resource [static/index.html]
2018-06-02 16:49:05.852  INFO 5508 --- [main] o.s.j.e.a.AnnotationMBeanExporter        : Registering beans for JMX exposure on startup
2018-06-02 16:49:06.013  INFO 5508 --- [main] s.b.c.e.t.TomcatEmbeddedServletContainer : Tomcat started on port(s): 7795 (http)
2018-06-02 16:49:06.023  INFO 5508 --- [main] main.App                                 : Started App in 3.626 seconds (JVM running for 4.223)
2018-06-02 17:04:20.449  INFO 5508 --- [RMI TCP Connection(7)-127.0.0.1] inMXBeanRegistrar$SpringApplicationAdmin : Application shutdown requested.
2018-06-02 17:04:20.452  INFO 5508 --- [RMI TCP Connection(7)-127.0.0.1] ationConfigEmbeddedWebApplicationContext : Closing org.springframework.boot.context.embedded.AnnotationConfigEmbeddedWebApplicationContext@f2f2cc1: startup date [Sat Jun 02 16:49:02 CEST 2018]; root of context hierarchy
2018-06-02 17:04:20.454  INFO 5508 --- [RMI TCP Connection(7)-127.0.0.1] o.s.j.e.a.AnnotationMBeanExporter        : Unregistering JMX-exposed beans on shutdown
